[ 2018-02-27T15:14:39+08:00 ] 127.0.0.1 /index.php/Admin/Shitu/shitu.html
INFO: [ app_init ] --START--
INFO: Run Behavior\BuildLiteBehavior [ RunTime:0.000012s ]
INFO: [ app_init ] --END-- [ RunTime:0.012890s ]
INFO: [ app_begin ] --START--
INFO: Run Behavior\ReadHtmlCacheBehavior [ RunTime:0.001567s ]
INFO: [ app_begin ] --END-- [ RunTime:0.001611s ]
INFO: [ view_parse ] --START--
INFO: [ template_filter ] --START--
INFO: Run Behavior\ContentReplaceBehavior [ RunTime:0.000043s ]
INFO: [ template_filter ] --END-- [ RunTime:0.000089s ]
NOTIC: [8] Undefined variable: product H:\www\auto\Application\Runtime\Cache\Admin\86260f151e905a457689981c5cfb4e00.php 第 16 行.
NOTIC: [8] Undefined variable: res H:\www\auto\Application\Runtime\Cache\Admin\86260f151e905a457689981c5cfb4e00.php 第 27 行.
NOTIC: [8] Undefined variable: res1 H:\www\auto\Application\Runtime\Cache\Admin\86260f151e905a457689981c5cfb4e00.php 第 28 行.
INFO: Run Behavior\ParseTemplateBehavior [ RunTime:0.106534s ]
INFO: [ view_parse ] --END-- [ RunTime:0.106633s ]
INFO: [ view_filter ] --START--
INFO: Run Behavior\WriteHtmlCacheBehavior [ RunTime:0.009596s ]
INFO: [ view_filter ] --END-- [ RunTime:0.009635s ]
NOTIC: [2] Cannot modify header information - headers already sent by (output started at H:\www\auto\Application\Common\Common\function.php:104) H:\www\auto\ThinkPHP\Library\Think\View.class.php 第 91 行.
NOTIC: [2] Cannot modify header information - headers already sent by (output started at H:\www\auto\Application\Common\Common\function.php:104) H:\www\auto\ThinkPHP\Library\Think\View.class.php 第 92 行.
NOTIC: [2] Cannot modify header information - headers already sent by (output started at H:\www\auto\Application\Common\Common\function.php:104) H:\www\auto\ThinkPHP\Library\Think\View.class.php 第 93 行.
INFO: [ app_end ] --START--
INFO: Run Behavior\ShowPageTraceBehavior [ RunTime:0.001798s ]
INFO: [ app_end ] --END-- [ RunTime:0.001830s ]

[ 2018-02-27T15:17:42+08:00 ] 127.0.0.1 /index.php/Admin/Shitu/shitu.html
INFO: [ app_init ] --START--
INFO: Run Behavior\BuildLiteBehavior [ RunTime:0.000014s ]
INFO: [ app_init ] --END-- [ RunTime:0.000434s ]
INFO: [ app_begin ] --START--
INFO: Run Behavior\ReadHtmlCacheBehavior [ RunTime:0.000714s ]
INFO: [ app_begin ] --END-- [ RunTime:0.000765s ]

[ 2018-02-27T15:18:11+08:00 ] 127.0.0.1 /index.php/Admin/Shitu/shitu.html
INFO: [ app_init ] --START--
INFO: Run Behavior\BuildLiteBehavior [ RunTime:0.000014s ]
INFO: [ app_init ] --END-- [ RunTime:0.000373s ]
INFO: [ app_begin ] --START--
INFO: Run Behavior\ReadHtmlCacheBehavior [ RunTime:0.000589s ]
INFO: [ app_begin ] --END-- [ RunTime:0.000637s ]
INFO: [ view_parse ] --START--
INFO: [ template_filter ] --START--
INFO: Run Behavior\ContentReplaceBehavior [ RunTime:0.000074s ]
INFO: [ template_filter ] --END-- [ RunTime:0.000163s ]
NOTIC: [8] Undefined variable: product H:\www\auto\Application\Runtime\Cache\Admin\86260f151e905a457689981c5cfb4e00.php 第 16 行.
NOTIC: [8] Undefined variable: res H:\www\auto\Application\Runtime\Cache\Admin\86260f151e905a457689981c5cfb4e00.php 第 27 行.
NOTIC: [8] Undefined variable: res1 H:\www\auto\Application\Runtime\Cache\Admin\86260f151e905a457689981c5cfb4e00.php 第 28 行.
INFO: Run Behavior\ParseTemplateBehavior [ RunTime:0.017125s ]
INFO: [ view_parse ] --END-- [ RunTime:0.017229s ]
INFO: [ view_filter ] --START--
INFO: Run Behavior\WriteHtmlCacheBehavior [ RunTime:0.000579s ]
INFO: [ view_filter ] --END-- [ RunTime:0.000633s ]
INFO: [ app_end ] --START--
INFO: Run Behavior\ShowPageTraceBehavior [ RunTime:0.000816s ]
INFO: [ app_end ] --END-- [ RunTime:0.000863s ]

