[ 2018-02-26T10:15:41+08:00 ] 127.0.0.1 /index.php/Admin/Shitu/shitu.html
INFO: [ app_init ] --START--
INFO: Run Behavior\BuildLiteBehavior [ RunTime:0.000011s ]
INFO: [ app_init ] --END-- [ RunTime:0.009461s ]
INFO: [ app_begin ] --START--
INFO: Run Behavior\ReadHtmlCacheBehavior [ RunTime:0.013619s ]
INFO: [ app_begin ] --END-- [ RunTime:0.013666s ]
INFO: [ view_parse ] --START--
INFO: [ template_filter ] --START--
INFO: Run Behavior\ContentReplaceBehavior [ RunTime:0.000055s ]
INFO: [ template_filter ] --END-- [ RunTime:0.000092s ]
NOTIC: [8] Undefined variable: product H:\www\auto\Application\Runtime\Cache\Admin\86260f151e905a457689981c5cfb4e00.php 第 16 行.
NOTIC: [8] Undefined variable: res H:\www\auto\Application\Runtime\Cache\Admin\86260f151e905a457689981c5cfb4e00.php 第 27 行.
NOTIC: [8] Undefined variable: res1 H:\www\auto\Application\Runtime\Cache\Admin\86260f151e905a457689981c5cfb4e00.php 第 28 行.
INFO: Run Behavior\ParseTemplateBehavior [ RunTime:0.078694s ]
INFO: [ view_parse ] --END-- [ RunTime:0.078784s ]
INFO: [ view_filter ] --START--
INFO: Run Behavior\WriteHtmlCacheBehavior [ RunTime:0.011065s ]
INFO: [ view_filter ] --END-- [ RunTime:0.011110s ]
NOTIC: [2] Cannot modify header information - headers already sent by (output started at H:\www\auto\Application\Common\Common\function.php:104) H:\www\auto\ThinkPHP\Library\Think\View.class.php 第 91 行.
NOTIC: [2] Cannot modify header information - headers already sent by (output started at H:\www\auto\Application\Common\Common\function.php:104) H:\www\auto\ThinkPHP\Library\Think\View.class.php 第 92 行.
NOTIC: [2] Cannot modify header information - headers already sent by (output started at H:\www\auto\Application\Common\Common\function.php:104) H:\www\auto\ThinkPHP\Library\Think\View.class.php 第 93 行.
INFO: [ app_end ] --START--
INFO: Run Behavior\ShowPageTraceBehavior [ RunTime:0.008076s ]
INFO: [ app_end ] --END-- [ RunTime:0.008113s ]

